<?xml version="1.0" encoding="UTF-8"?>
<testsuite name="ScrabbleTest" tests="1" skipped="0" failures="0" errors="0" timestamp="2015-08-11T17:41:32" hostname="epicodus-107.local" time="0.001">
  <properties/>
  <testcase name="scrabbleScore_returnsAscrabbleScoreForALetter_1" classname="ScrabbleTest" time="0.001"/>
  <system-out><![CDATA[]]></system-out>
  <system-err><![CDATA[]]></system-err>
</testsuite>
