<?xml version="1.0" encoding="UTF-8"?>
<testsuite name="ScrabbleTest" tests="4" skipped="0" failures="0" errors="0" timestamp="2015-08-11T19:15:10" hostname="epicodus-107.local" time="0.003">
  <properties/>
  <testcase name="scrabbleScore_ReturnsCorrectScoreRegardlessOfCase_5" classname="ScrabbleTest" time="0.002"/>
  <testcase name="scrabbleScore_returnsAscrabbleScoreForASpace_0" classname="ScrabbleTest" time="0.0"/>
  <testcase name="scrabbleScore_returnsScoreSumForMutipleLetters_5" classname="ScrabbleTest" time="0.0"/>
  <testcase name="scrabbleScore_returnsAscrabbleScoreForALetter_1" classname="ScrabbleTest" time="0.0"/>
  <system-out><![CDATA[]]></system-out>
  <system-err><![CDATA[]]></system-err>
</testsuite>
